[2026-03-25T15:19:25.183+0000] {local_task_job_runner.py:120} INFO - ::group::Pre task execution logs
[2026-03-25T15:19:25.212+0000] {taskinstance.py:2076} INFO - Dependencies all met for dep_context=non-requeueable deps ti=<TaskInstance: flights_ops_medallion_pipe.silver_transform manual__2026-03-25T15:19:10.965458+00:00 [queued]>
[2026-03-25T15:19:25.219+0000] {taskinstance.py:2076} INFO - Dependencies all met for dep_context=requeueable deps ti=<TaskInstance: flights_ops_medallion_pipe.silver_transform manual__2026-03-25T15:19:10.965458+00:00 [queued]>
[2026-03-25T15:19:25.220+0000] {taskinstance.py:2306} INFO - Starting attempt 1 of 1
[2026-03-25T15:19:25.269+0000] {taskinstance.py:2330} INFO - Executing <Task(PythonOperator): silver_transform> on 2026-03-25 15:19:10.965458+00:00
[2026-03-25T15:19:25.280+0000] {logging_mixin.py:188} WARNING - /home/airflow/.local/lib/python3.12/site-packages/airflow/task/task_runner/standard_task_runner.py:62 DeprecationWarning: This process (pid=394) is multi-threaded, use of fork() may lead to deadlocks in the child.
[2026-03-25T15:19:25.277+0000] {standard_task_runner.py:90} INFO - Running: ['airflow', 'tasks', 'run', '***_ops_medallion_pipe', 'silver_transform', 'manual__2026-03-25T15:19:10.965458+00:00', '--job-id', '12', '--raw', '--subdir', 'DAGS_FOLDER/flight_pipeline.py', '--cfg-path', '/tmp/tmpt9ccc578']
[2026-03-25T15:19:25.281+0000] {standard_task_runner.py:64} INFO - Started process 399 to run task
[2026-03-25T15:19:25.281+0000] {standard_task_runner.py:91} INFO - Job 12: Subtask silver_transform
[2026-03-25T15:19:25.400+0000] {task_command.py:426} INFO - Running <TaskInstance: flights_ops_medallion_pipe.silver_transform manual__2026-03-25T15:19:10.965458+00:00 [running]> on host 55449d985038
[2026-03-25T15:19:25.630+0000] {taskinstance.py:2648} INFO - Exporting env vars: AIRFLOW_CTX_DAG_OWNER='airflow' AIRFLOW_CTX_DAG_ID='***_ops_medallion_pipe' AIRFLOW_CTX_TASK_ID='silver_transform' AIRFLOW_CTX_EXECUTION_DATE='2026-03-25T15:19:10.965458+00:00' AIRFLOW_CTX_TRY_NUMBER='1' AIRFLOW_CTX_DAG_RUN_ID='manual__2026-03-25T15:19:10.965458+00:00'
[2026-03-25T15:19:25.631+0000] {taskinstance.py:430} INFO - ::endgroup::
[2026-03-25T15:19:25.646+0000] {taskinstance.py:441} INFO - ::group::Post task execution logs
[2026-03-25T15:19:25.646+0000] {taskinstance.py:2905} ERROR - Task failed with exception
Traceback (most recent call last):
  File "/home/airflow/.local/lib/python3.12/site-packages/airflow/models/taskinstance.py", line 465, in _execute_task
    result = _execute_callable(context=context, **execute_callable_kwargs)
             ^^^^^^^^^^^^^^^^^^^^^^^^^^^^^^^^^^^^^^^^^^^^^^^^^^^^^^^^^^^^^
  File "/home/airflow/.local/lib/python3.12/site-packages/airflow/models/taskinstance.py", line 432, in _execute_callable
    return execute_callable(context=context, **execute_callable_kwargs)
           ^^^^^^^^^^^^^^^^^^^^^^^^^^^^^^^^^^^^^^^^^^^^^^^^^^^^^^^^^^^^
  File "/home/airflow/.local/lib/python3.12/site-packages/airflow/models/baseoperator.py", line 401, in wrapper
    return func(self, *args, **kwargs)
           ^^^^^^^^^^^^^^^^^^^^^^^^^^^
  File "/home/airflow/.local/lib/python3.12/site-packages/airflow/operators/python.py", line 235, in execute
    return_value = self.execute_callable()
                   ^^^^^^^^^^^^^^^^^^^^^^^
  File "/home/airflow/.local/lib/python3.12/site-packages/airflow/operators/python.py", line 252, in execute_callable
    return self.python_callable(*self.op_args, **self.op_kwargs)
           ^^^^^^^^^^^^^^^^^^^^^^^^^^^^^^^^^^^^^^^^^^^^^^^^^^^^^
  File "/opt/airflow/scripts/silver_transform.py", line 8, in run_silver_transform
    bronze_file = context["ti"].x_pull(
                  ^^^^^^^^^^^^^^^^^^^^
AttributeError: 'TaskInstance' object has no attribute 'x_pull'
[2026-03-25T15:19:25.674+0000] {taskinstance.py:1206} INFO - Marking task as FAILED. dag_id=***_ops_medallion_pipe, task_id=silver_transform, run_id=manual__2026-03-25T15:19:10.965458+00:00, execution_date=20260325T151910, start_date=20260325T151925, end_date=20260325T151925
[2026-03-25T15:19:25.715+0000] {standard_task_runner.py:110} ERROR - Failed to execute job 12 for task silver_transform ('TaskInstance' object has no attribute 'x_pull'; 399)
[2026-03-25T15:19:25.737+0000] {local_task_job_runner.py:243} INFO - Task exited with return code 1
[2026-03-25T15:19:25.756+0000] {taskinstance.py:3503} INFO - 0 downstream tasks scheduled from follow-on schedule check
[2026-03-25T15:19:25.793+0000] {local_task_job_runner.py:222} INFO - ::endgroup::
