[2026-03-25T17:59:05.754+0000] {local_task_job_runner.py:120} INFO - ::group::Pre task execution logs
[2026-03-25T17:59:05.788+0000] {taskinstance.py:2076} INFO - Dependencies all met for dep_context=non-requeueable deps ti=<TaskInstance: flights_ops_medallion_pipe.load_gold_to_snowflake manual__2026-03-25T17:58:06.107120+00:00 [queued]>
[2026-03-25T17:59:05.795+0000] {taskinstance.py:2076} INFO - Dependencies all met for dep_context=requeueable deps ti=<TaskInstance: flights_ops_medallion_pipe.load_gold_to_snowflake manual__2026-03-25T17:58:06.107120+00:00 [queued]>
[2026-03-25T17:59:05.796+0000] {taskinstance.py:2306} INFO - Starting attempt 1 of 1
[2026-03-25T17:59:05.850+0000] {taskinstance.py:2330} INFO - Executing <Task(PythonOperator): load_gold_to_snowflake> on 2026-03-25 17:58:06.107120+00:00
[2026-03-25T17:59:05.863+0000] {logging_mixin.py:188} WARNING - /home/airflow/.local/lib/python3.12/site-packages/airflow/task/task_runner/standard_task_runner.py:62 DeprecationWarning: This process (pid=1139) is multi-threaded, use of fork() may lead to deadlocks in the child.
[2026-03-25T17:59:05.860+0000] {standard_task_runner.py:90} INFO - Running: ['airflow', 'tasks', 'run', '***_ops_medallion_pipe', 'load_gold_to_snowflake', 'manual__2026-03-25T17:58:06.107120+00:00', '--job-id', '38', '--raw', '--subdir', 'DAGS_FOLDER/flight_pipeline.py', '--cfg-path', '/tmp/tmp47tkb_zp']
[2026-03-25T17:59:05.864+0000] {standard_task_runner.py:64} INFO - Started process 1145 to run task
[2026-03-25T17:59:05.864+0000] {standard_task_runner.py:91} INFO - Job 38: Subtask load_gold_to_snowflake
[2026-03-25T17:59:06.263+0000] {task_command.py:426} INFO - Running <TaskInstance: flights_ops_medallion_pipe.load_gold_to_snowflake manual__2026-03-25T17:58:06.107120+00:00 [running]> on host 55449d985038
[2026-03-25T17:59:06.389+0000] {taskinstance.py:2648} INFO - Exporting env vars: AIRFLOW_CTX_DAG_OWNER='airflow' AIRFLOW_CTX_DAG_ID='***_ops_medallion_pipe' AIRFLOW_CTX_TASK_ID='load_gold_to_snowflake' AIRFLOW_CTX_EXECUTION_DATE='2026-03-25T17:58:06.107120+00:00' AIRFLOW_CTX_TRY_NUMBER='1' AIRFLOW_CTX_DAG_RUN_ID='manual__2026-03-25T17:58:06.107120+00:00'
[2026-03-25T17:59:06.391+0000] {taskinstance.py:430} INFO - ::endgroup::
[2026-03-25T17:59:06.477+0000] {base.py:84} INFO - Using connection ID 'flight_snowflake' for task execution.
[2026-03-25T17:59:06.533+0000] {connection.py:408} INFO - Snowflake Connector for Python Version: 3.11.0, Python Version: 3.12.4, Platform: Linux-6.6.87.2-microsoft-standard-WSL2-x86_64-with-glibc2.36
[2026-03-25T17:59:06.535+0000] {connection.py:1258} INFO - This connection is in OCSP Fail Open Mode. TLS Certificates would be checked for validity and revocation status. Any other Certificate Revocation related exceptions or OCSP Responder failures would be disregarded in favor of connectivity.
[2026-03-25T17:59:14.300+0000] {taskinstance.py:441} INFO - ::group::Post task execution logs
[2026-03-25T17:59:14.300+0000] {taskinstance.py:2905} ERROR - Task failed with exception
Traceback (most recent call last):
  File "/home/airflow/.local/lib/python3.12/site-packages/airflow/models/taskinstance.py", line 465, in _execute_task
    result = _execute_callable(context=context, **execute_callable_kwargs)
             ^^^^^^^^^^^^^^^^^^^^^^^^^^^^^^^^^^^^^^^^^^^^^^^^^^^^^^^^^^^^^
  File "/home/airflow/.local/lib/python3.12/site-packages/airflow/models/taskinstance.py", line 432, in _execute_callable
    return execute_callable(context=context, **execute_callable_kwargs)
           ^^^^^^^^^^^^^^^^^^^^^^^^^^^^^^^^^^^^^^^^^^^^^^^^^^^^^^^^^^^^
  File "/home/airflow/.local/lib/python3.12/site-packages/airflow/models/baseoperator.py", line 401, in wrapper
    return func(self, *args, **kwargs)
           ^^^^^^^^^^^^^^^^^^^^^^^^^^^
  File "/home/airflow/.local/lib/python3.12/site-packages/airflow/operators/python.py", line 235, in execute
    return_value = self.execute_callable()
                   ^^^^^^^^^^^^^^^^^^^^^^^
  File "/home/airflow/.local/lib/python3.12/site-packages/airflow/operators/python.py", line 252, in execute_callable
    return self.python_callable(*self.op_args, **self.op_kwargs)
           ^^^^^^^^^^^^^^^^^^^^^^^^^^^^^^^^^^^^^^^^^^^^^^^^^^^^^
  File "/opt/airflow/scripts/load_gold_to_snowflake.py", line 55, in load_gold_to_snowflake
    cursor.execute(
  File "/home/airflow/.local/lib/python3.12/site-packages/snowflake/connector/cursor.py", line 1080, in execute
    Error.errorhandler_wrapper(self.connection, self, error_class, errvalue)
  File "/home/airflow/.local/lib/python3.12/site-packages/snowflake/connector/errors.py", line 290, in errorhandler_wrapper
    handed_over = Error.hand_to_other_handler(
                  ^^^^^^^^^^^^^^^^^^^^^^^^^^^^
  File "/home/airflow/.local/lib/python3.12/site-packages/snowflake/connector/errors.py", line 345, in hand_to_other_handler
    cursor.errorhandler(connection, cursor, error_class, error_value)
  File "/home/airflow/.local/lib/python3.12/site-packages/snowflake/connector/errors.py", line 221, in default_errorhandler
    raise error_class(
snowflake.connector.errors.ProgrammingError: 100035 (22007): 01c344d7-0000-c4be-0001-090a00033232: Timestamp '2026-03-25-17:00:S' is not recognized
[2026-03-25T17:59:14.317+0000] {taskinstance.py:1206} INFO - Marking task as FAILED. dag_id=***_ops_medallion_pipe, task_id=load_gold_to_snowflake, run_id=manual__2026-03-25T17:58:06.107120+00:00, execution_date=20260325T175806, start_date=20260325T175905, end_date=20260325T175914
[2026-03-25T17:59:14.358+0000] {standard_task_runner.py:110} ERROR - Failed to execute job 38 for task load_gold_to_snowflake (100035 (22007): 01c344d7-0000-c4be-0001-090a00033232: Timestamp '2026-03-25-17:00:S' is not recognized; 1145)
[2026-03-25T17:59:14.375+0000] {local_task_job_runner.py:243} INFO - Task exited with return code 1
[2026-03-25T17:59:14.396+0000] {taskinstance.py:3503} INFO - 0 downstream tasks scheduled from follow-on schedule check
[2026-03-25T17:59:14.414+0000] {local_task_job_runner.py:222} INFO - ::endgroup::
